Project migration to XML Schema (XSD) version 98 is completed.
Project migration to XML Schema (XSD) version 99 is completed.
Project migration to XML Schema (XSD) version 100 is completed.
Project migration to XML Schema (XSD) version 101 is completed.
Project migration to XML Schema (XSD) version 102 is completed.
Project migration to XML Schema (XSD) version 103 is completed.
Project migration to XML Schema (XSD) version 104 is completed.
Project migration to XML Schema (XSD) version 105 is completed.
Project migration to XML Schema (XSD) version 106 is completed.
Project migration to XML Schema (XSD) version 107 is completed.
Project migration to XML Schema (XSD) version 108 is completed.
Project migration to XML Schema (XSD) version 109 is completed.
Project migration to XML Schema (XSD) version 110 is completed.
Project migration to XML Schema (XSD) version 111 is completed.
Project migration to XML Schema (XSD) version 112 is completed.
Project migration to XML Schema (XSD) version 113 is completed.
Project migration to XML Schema (XSD) version 114 is completed.
Project migration to XML Schema (XSD) version 115 is completed.
Project migration to XML Schema (XSD) version 116 is completed.
Project migration to XML Schema (XSD) version 117 is completed.
Project migration to XML Schema (XSD) version 118 is completed.
Project migration to XML Schema (XSD) version 119 is completed.
The Plug-in 'Wwise Motion' was not found for '\Audio Devices\Default Work Unit\Default_Motion_Device'. Edition and playback won't be available for this object.
'\Audio Devices\Default Work Unit\Default_Motion_Device' uses the audio device plugin 'Wwise Motion', which is not installed.
The Plug-in 'Wwise Motion Source' was not found for '\Actor-Mixer Hierarchy\Factory Motion\Motion Factory Assets\Basic\Double Click\Down Double Click\Down Double Click Strong\Wwise Motion Source'. Edition and playback won't be available for this object.
The source '\Actor-Mixer Hierarchy\Factory Motion\Motion Factory Assets\Basic\Double Click\Down Double Click\Down Double Click Strong\Wwise Motion Source' uses the source plugin 'Wwise Motion Source', which is not installed.
The Plug-in 'Wwise Motion Source' was not found for '\Actor-Mixer Hierarchy\Factory Motion\Motion Factory Assets\Basic\Double Click\Down Double Click\Down Double Click Soft\Wwise Motion Source'. Edition and playback won't be available for this object.
The source '\Actor-Mixer Hierarchy\Factory Motion\Motion Factory Assets\Basic\Double Click\Down Double Click\Down Double Click Soft\Wwise Motion Source' uses the source plugin 'Wwise Motion Source', which is not installed.
The Plug-in 'Wwise Motion Source' was not found for '\Actor-Mixer Hierarchy\Factory Motion\Motion Factory Assets\Basic\Double Click\Down Double Click\Down Double Click Moderate\Wwise Motion Source'. Edition and playback won't be available for this object.
The source '\Actor-Mixer Hierarchy\Factory Motion\Motion Factory Assets\Basic\Double Click\Down Double Click\Down Double Click Moderate\Wwise Motion Source' uses the source plugin 'Wwise Motion Source', which is not installed.
The Plug-in 'Wwise Motion Source' was not found for '\Actor-Mixer Hierarchy\Factory Motion\Motion Factory Assets\Basic\Double Click\Up Double Click\Up Double Click Strong\Wwise Motion Source'. Edition and playback won't be available for this object.
The source '\Actor-Mixer Hierarchy\Factory Motion\Motion Factory Assets\Basic\Double Click\Up Double Click\Up Double Click Strong\Wwise Motion Source' uses the source plugin 'Wwise Motion Source', which is not installed.
The Plug-in 'Wwise Motion Source' was not found for '\Actor-Mixer Hierarchy\Factory Motion\Motion Factory Assets\Basic\Double Click\Up Double Click\Up Double Click Soft\Wwise Motion Source'. Edition and playback won't be available for this object.
The source '\Actor-Mixer Hierarchy\Factory Motion\Motion Factory Assets\Basic\Double Click\Up Double Click\Up Double Click Soft\Wwise Motion Source' uses the source plugin 'Wwise Motion Source', which is not installed.
The Plug-in 'Wwise Motion Source' was not found for '\Actor-Mixer Hierarchy\Factory Motion\Motion Factory Assets\Basic\Double Click\Up Double Click\Up Double Click Moderate\Wwise Motion Source'. Edition and playback won't be available for this object.
The source '\Actor-Mixer Hierarchy\Factory Motion\Motion Factory Assets\Basic\Double Click\Up Double Click\Up Double Click Moderate\Wwise Motion Source' uses the source plugin 'Wwise Motion Source', which is not installed.
The Plug-in 'Wwise Motion Source' was not found for '\Actor-Mixer Hierarchy\Factory Motion\Motion Factory Assets\Basic\Long Press\Long Press Soft\Wwise Motion Source'. Edition and playback won't be available for this object.
The source '\Actor-Mixer Hierarchy\Factory Motion\Motion Factory Assets\Basic\Long Press\Long Press Soft\Wwise Motion Source' uses the source plugin 'Wwise Motion Source', which is not installed.
The Plug-in 'Wwise Motion Source' was not found for '\Actor-Mixer Hierarchy\Factory Motion\Motion Factory Assets\Basic\Long Press\Long Press Moderate\Wwise Motion Source'. Edition and playback won't be available for this object.
The source '\Actor-Mixer Hierarchy\Factory Motion\Motion Factory Assets\Basic\Long Press\Long Press Moderate\Wwise Motion Source' uses the source plugin 'Wwise Motion Source', which is not installed.
The Plug-in 'Wwise Motion Source' was not found for '\Actor-Mixer Hierarchy\Factory Motion\Motion Factory Assets\Basic\Long Press\Long Press Strong\Wwise Motion Source'. Edition and playback won't be available for this object.
The source '\Actor-Mixer Hierarchy\Factory Motion\Motion Factory Assets\Basic\Long Press\Long Press Strong\Wwise Motion Source' uses the source plugin 'Wwise Motion Source', which is not installed.
The Plug-in 'Wwise Motion Source' was not found for '\Actor-Mixer Hierarchy\Factory Motion\Motion Factory Assets\Basic\Slide\Long Slide\Long Slide Soft\Wwise Motion Source'. Edition and playback won't be available for this object.
The source '\Actor-Mixer Hierarchy\Factory Motion\Motion Factory Assets\Basic\Slide\Long Slide\Long Slide Soft\Wwise Motion Source' uses the source plugin 'Wwise Motion Source', which is not installed.
The Plug-in 'Wwise Motion Source' was not found for '\Actor-Mixer Hierarchy\Factory Motion\Motion Factory Assets\Basic\Slide\Long Slide\Long Slide Moderate\Wwise Motion Source'. Edition and playback won't be available for this object.
The source '\Actor-Mixer Hierarchy\Factory Motion\Motion Factory Assets\Basic\Slide\Long Slide\Long Slide Moderate\Wwise Motion Source' uses the source plugin 'Wwise Motion Source', which is not installed.
The Plug-in 'Wwise Motion Source' was not found for '\Actor-Mixer Hierarchy\Factory Motion\Motion Factory Assets\Basic\Slide\Long Slide\Long Slide Strong\Wwise Motion Source'. Edition and playback won't be available for this object.
The source '\Actor-Mixer Hierarchy\Factory Motion\Motion Factory Assets\Basic\Slide\Long Slide\Long Slide Strong\Wwise Motion Source' uses the source plugin 'Wwise Motion Source', which is not installed.
The Plug-in 'Wwise Motion Source' was not found for '\Actor-Mixer Hierarchy\Factory Motion\Motion Factory Assets\Basic\Slide\Short Slide\Short Slide Soft\Wwise Motion Source'. Edition and playback won't be available for this object.
The source '\Actor-Mixer Hierarchy\Factory Motion\Motion Factory Assets\Basic\Slide\Short Slide\Short Slide Soft\Wwise Motion Source' uses the source plugin 'Wwise Motion Source', which is not installed.
The Plug-in 'Wwise Motion Source' was not found for '\Actor-Mixer Hierarchy\Factory Motion\Motion Factory Assets\Basic\Slide\Short Slide\Short Slide Moderate\Wwise Motion Source'. Edition and playback won't be available for this object.
The source '\Actor-Mixer Hierarchy\Factory Motion\Motion Factory Assets\Basic\Slide\Short Slide\Short Slide Moderate\Wwise Motion Source' uses the source plugin 'Wwise Motion Source', which is not installed.
The Plug-in 'Wwise Motion Source' was not found for '\Actor-Mixer Hierarchy\Factory Motion\Motion Factory Assets\Basic\Slide\Short Slide\Short Slide Strong\Wwise Motion Source'. Edition and playback won't be available for this object.
The source '\Actor-Mixer Hierarchy\Factory Motion\Motion Factory Assets\Basic\Slide\Short Slide\Short Slide Strong\Wwise Motion Source' uses the source plugin 'Wwise Motion Source', which is not installed.
The Plug-in 'Wwise Motion Source' was not found for '\Actor-Mixer Hierarchy\Factory Motion\Motion Factory Assets\Basic\Multiple Clicks\Multiple Clicks Soft\Wwise Motion Source'. Edition and playback won't be available for this object.
The source '\Actor-Mixer Hierarchy\Factory Motion\Motion Factory Assets\Basic\Multiple Clicks\Multiple Clicks Soft\Wwise Motion Source' uses the source plugin 'Wwise Motion Source', which is not installed.
The Plug-in 'Wwise Motion Source' was not found for '\Actor-Mixer Hierarchy\Factory Motion\Motion Factory Assets\Basic\Multiple Clicks\Multiple Clicks Moderate\Wwise Motion Source'. Edition and playback won't be available for this object.
The source '\Actor-Mixer Hierarchy\Factory Motion\Motion Factory Assets\Basic\Multiple Clicks\Multiple Clicks Moderate\Wwise Motion Source' uses the source plugin 'Wwise Motion Source', which is not installed.
The Plug-in 'Wwise Motion Source' was not found for '\Actor-Mixer Hierarchy\Factory Motion\Motion Factory Assets\Basic\Multiple Clicks\Multiple Clicks Strong\Wwise Motion Source'. Edition and playback won't be available for this object.
The source '\Actor-Mixer Hierarchy\Factory Motion\Motion Factory Assets\Basic\Multiple Clicks\Multiple Clicks Strong\Wwise Motion Source' uses the source plugin 'Wwise Motion Source', which is not installed.
The Plug-in 'Wwise Motion Source' was not found for '\Actor-Mixer Hierarchy\Factory Motion\Motion Factory Assets\Basic\Basic Loop\Loop Soft\Wwise Motion Source'. Edition and playback won't be available for this object.
The source '\Actor-Mixer Hierarchy\Factory Motion\Motion Factory Assets\Basic\Basic Loop\Loop Soft\Wwise Motion Source' uses the source plugin 'Wwise Motion Source', which is not installed.
The Plug-in 'Wwise Motion Source' was not found for '\Actor-Mixer Hierarchy\Factory Motion\Motion Factory Assets\Basic\Basic Loop\Loop Moderate\Wwise Motion Source'. Edition and playback won't be available for this object.
The source '\Actor-Mixer Hierarchy\Factory Motion\Motion Factory Assets\Basic\Basic Loop\Loop Moderate\Wwise Motion Source' uses the source plugin 'Wwise Motion Source', which is not installed.
The Plug-in 'Wwise Motion Source' was not found for '\Actor-Mixer Hierarchy\Factory Motion\Motion Factory Assets\Basic\Basic Loop\Loop Strong\Wwise Motion Source'. Edition and playback won't be available for this object.
The source '\Actor-Mixer Hierarchy\Factory Motion\Motion Factory Assets\Basic\Basic Loop\Loop Strong\Wwise Motion Source' uses the source plugin 'Wwise Motion Source', which is not installed.
The Plug-in 'Wwise Motion Source' was not found for '\Actor-Mixer Hierarchy\Factory Motion\Motion Factory Assets\Basic\Single Click\Single Click Strong\Wwise Motion Source'. Edition and playback won't be available for this object.
The source '\Actor-Mixer Hierarchy\Factory Motion\Motion Factory Assets\Basic\Single Click\Single Click Strong\Wwise Motion Source' uses the source plugin 'Wwise Motion Source', which is not installed.
The Plug-in 'Wwise Motion Source' was not found for '\Actor-Mixer Hierarchy\Factory Motion\Motion Factory Assets\Basic\Single Click\Single Click Moderate\Wwise Motion Source'. Edition and playback won't be available for this object.
The source '\Actor-Mixer Hierarchy\Factory Motion\Motion Factory Assets\Basic\Single Click\Single Click Moderate\Wwise Motion Source' uses the source plugin 'Wwise Motion Source', which is not installed.
The Plug-in 'Wwise Motion Source' was not found for '\Actor-Mixer Hierarchy\Factory Motion\Motion Factory Assets\Basic\Single Click\Single Click Soft\Wwise Motion Source'. Edition and playback won't be available for this object.
The source '\Actor-Mixer Hierarchy\Factory Motion\Motion Factory Assets\Basic\Single Click\Single Click Soft\Wwise Motion Source' uses the source plugin 'Wwise Motion Source', which is not installed.
The Plug-in 'Wwise Motion Source' was not found for '\Actor-Mixer Hierarchy\Factory Motion\Motion Factory Assets\Context\Military\Artilery\Wwise Motion Source'. Edition and playback won't be available for this object.
The source '\Actor-Mixer Hierarchy\Factory Motion\Motion Factory Assets\Context\Military\Artilery\Wwise Motion Source' uses the source plugin 'Wwise Motion Source', which is not installed.
The Plug-in 'Wwise Motion Source' was not found for '\Actor-Mixer Hierarchy\Factory Motion\Motion Factory Assets\Context\Military\Landing\Wwise Motion Source'. Edition and playback won't be available for this object.
The source '\Actor-Mixer Hierarchy\Factory Motion\Motion Factory Assets\Context\Military\Landing\Wwise Motion Source' uses the source plugin 'Wwise Motion Source', which is not installed.
The Plug-in 'Wwise Motion Source' was not found for '\Actor-Mixer Hierarchy\Factory Motion\Motion Factory Assets\Context\Military\Assault Loop\Wwise Motion Source'. Edition and playback won't be available for this object.
The source '\Actor-Mixer Hierarchy\Factory Motion\Motion Factory Assets\Context\Military\Assault Loop\Wwise Motion Source' uses the source plugin 'Wwise Motion Source', which is not installed.
The Plug-in 'Wwise Motion Source' was not found for '\Actor-Mixer Hierarchy\Factory Motion\Motion Factory Assets\Context\Military\Punch\Wwise Motion Source'. Edition and playback won't be available for this object.
The source '\Actor-Mixer Hierarchy\Factory Motion\Motion Factory Assets\Context\Military\Punch\Wwise Motion Source' uses the source plugin 'Wwise Motion Source', which is not installed.
The Plug-in 'Wwise Motion Source' was not found for '\Actor-Mixer Hierarchy\Factory Motion\Motion Factory Assets\Context\Military\Gunshot\Wwise Motion Source'. Edition and playback won't be available for this object.
The source '\Actor-Mixer Hierarchy\Factory Motion\Motion Factory Assets\Context\Military\Gunshot\Wwise Motion Source' uses the source plugin 'Wwise Motion Source', which is not installed.
The Plug-in 'Wwise Motion Source' was not found for '\Actor-Mixer Hierarchy\Factory Motion\Motion Factory Assets\Context\Military\Reload\Wwise Motion Source'. Edition and playback won't be available for this object.
The source '\Actor-Mixer Hierarchy\Factory Motion\Motion Factory Assets\Context\Military\Reload\Wwise Motion Source' uses the source plugin 'Wwise Motion Source', which is not installed.
The Plug-in 'Wwise Motion Source' was not found for '\Actor-Mixer Hierarchy\Factory Motion\Motion Factory Assets\Context\Vehicle\Car Crash Strong\Wwise Motion Source'. Edition and playback won't be available for this object.
The source '\Actor-Mixer Hierarchy\Factory Motion\Motion Factory Assets\Context\Vehicle\Car Crash Strong\Wwise Motion Source' uses the source plugin 'Wwise Motion Source', which is not installed.
The Plug-in 'Wwise Motion Source' was not found for '\Actor-Mixer Hierarchy\Factory Motion\Motion Factory Assets\Context\Vehicle\Off-Road Dirt\Wwise Motion Source'. Edition and playback won't be available for this object.
The source '\Actor-Mixer Hierarchy\Factory Motion\Motion Factory Assets\Context\Vehicle\Off-Road Dirt\Wwise Motion Source' uses the source plugin 'Wwise Motion Source', which is not installed.
The Plug-in 'Wwise Motion Source' was not found for '\Actor-Mixer Hierarchy\Factory Motion\Motion Factory Assets\Context\Vehicle\Car Crash Moderate\Wwise Motion Source'. Edition and playback won't be available for this object.
The source '\Actor-Mixer Hierarchy\Factory Motion\Motion Factory Assets\Context\Vehicle\Car Crash Moderate\Wwise Motion Source' uses the source plugin 'Wwise Motion Source', which is not installed.
The Plug-in 'Wwise Motion Source' was not found for '\Actor-Mixer Hierarchy\Factory Motion\Motion Factory Assets\Context\Vehicle\Contact\Wwise Motion Source'. Edition and playback won't be available for this object.
The source '\Actor-Mixer Hierarchy\Factory Motion\Motion Factory Assets\Context\Vehicle\Contact\Wwise Motion Source' uses the source plugin 'Wwise Motion Source', which is not installed.
The Plug-in 'Wwise Motion Source' was not found for '\Actor-Mixer Hierarchy\Factory Motion\Motion Factory Assets\Context\Vehicle\Car Crash Soft\Wwise Motion Source'. Edition and playback won't be available for this object.
The source '\Actor-Mixer Hierarchy\Factory Motion\Motion Factory Assets\Context\Vehicle\Car Crash Soft\Wwise Motion Source' uses the source plugin 'Wwise Motion Source', which is not installed.
The Plug-in 'Wwise Motion Source' was not found for '\Actor-Mixer Hierarchy\Factory Motion\Motion Factory Assets\Context\Vehicle\Parametrized RPM\Wwise Motion Source'. Edition and playback won't be available for this object.
The source '\Actor-Mixer Hierarchy\Factory Motion\Motion Factory Assets\Context\Vehicle\Parametrized RPM\Wwise Motion Source' uses the source plugin 'Wwise Motion Source', which is not installed.
The Plug-in 'Wwise Motion Source' was not found for '\Actor-Mixer Hierarchy\Factory Motion\Motion Factory Assets\Context\Vehicle\Off-Road Concrete\Wwise Motion Source'. Edition and playback won't be available for this object.
The source '\Actor-Mixer Hierarchy\Factory Motion\Motion Factory Assets\Context\Vehicle\Off-Road Concrete\Wwise Motion Source' uses the source plugin 'Wwise Motion Source', which is not installed.
The Plug-in 'Wwise Motion Source' was not found for '\Actor-Mixer Hierarchy\Factory Motion\Motion Factory Assets\Context\Vehicle\Off-Road Grass\Wwise Motion Source'. Edition and playback won't be available for this object.
The source '\Actor-Mixer Hierarchy\Factory Motion\Motion Factory Assets\Context\Vehicle\Off-Road Grass\Wwise Motion Source' uses the source plugin 'Wwise Motion Source', which is not installed.
The Plug-in 'Wwise Motion Source' was not found for '\Actor-Mixer Hierarchy\Factory Motion\Motion Factory Assets\Context\SFX\Long Impact\Wwise Motion Source'. Edition and playback won't be available for this object.
The source '\Actor-Mixer Hierarchy\Factory Motion\Motion Factory Assets\Context\SFX\Long Impact\Wwise Motion Source' uses the source plugin 'Wwise Motion Source', which is not installed.
The Plug-in 'Wwise Motion Source' was not found for '\Actor-Mixer Hierarchy\Factory Motion\Motion Factory Assets\Context\SFX\Short Impact\Wwise Motion Source'. Edition and playback won't be available for this object.
The source '\Actor-Mixer Hierarchy\Factory Motion\Motion Factory Assets\Context\SFX\Short Impact\Wwise Motion Source' uses the source plugin 'Wwise Motion Source', which is not installed.
The Plug-in 'Wwise Motion Source' was not found for '\Actor-Mixer Hierarchy\Factory Motion\Motion Factory Assets\Context\SFX\Explosion\Wwise Motion Source'. Edition and playback won't be available for this object.
The source '\Actor-Mixer Hierarchy\Factory Motion\Motion Factory Assets\Context\SFX\Explosion\Wwise Motion Source' uses the source plugin 'Wwise Motion Source', which is not installed.
The Plug-in 'Wwise Motion Source' was not found for '\Actor-Mixer Hierarchy\Factory Motion\Motion Factory Assets\Context\Interaction\Pick Up Item\Wwise Motion Source'. Edition and playback won't be available for this object.
The source '\Actor-Mixer Hierarchy\Factory Motion\Motion Factory Assets\Context\Interaction\Pick Up Item\Wwise Motion Source' uses the source plugin 'Wwise Motion Source', which is not installed.
The Plug-in 'Wwise Motion Source' was not found for '\Actor-Mixer Hierarchy\Factory Motion\Motion Factory Assets\Context\Interaction\Open Vault\Wwise Motion Source'. Edition and playback won't be available for this object.
The source '\Actor-Mixer Hierarchy\Factory Motion\Motion Factory Assets\Context\Interaction\Open Vault\Wwise Motion Source' uses the source plugin 'Wwise Motion Source', which is not installed.
The Plug-in 'Wwise Motion Source' was not found for '\Actor-Mixer Hierarchy\Factory Motion\Motion Factory Assets\Context\Interaction\Open Door\Wwise Motion Source'. Edition and playback won't be available for this object.
The source '\Actor-Mixer Hierarchy\Factory Motion\Motion Factory Assets\Context\Interaction\Open Door\Wwise Motion Source' uses the source plugin 'Wwise Motion Source', which is not installed.
The Plug-in 'Wwise Motion Source' was not found for '\Actor-Mixer Hierarchy\Factory Motion\Motion Factory Assets\Context\Interaction\Drop Item\Wwise Motion Source'. Edition and playback won't be available for this object.
The source '\Actor-Mixer Hierarchy\Factory Motion\Motion Factory Assets\Context\Interaction\Drop Item\Wwise Motion Source' uses the source plugin 'Wwise Motion Source', which is not installed.
The Plug-in 'Wwise Motion Source' was not found for '\Actor-Mixer Hierarchy\Factory Motion\Motion Factory Assets\Context\Variation\Martial March\Wwise Motion Source'. Edition and playback won't be available for this object.
The source '\Actor-Mixer Hierarchy\Factory Motion\Motion Factory Assets\Context\Variation\Martial March\Wwise Motion Source' uses the source plugin 'Wwise Motion Source', which is not installed.
The Plug-in 'Wwise Motion Source' was not found for '\Actor-Mixer Hierarchy\Factory Motion\Motion Factory Assets\Context\Variation\Heartbeat\Wwise Motion Source'. Edition and playback won't be available for this object.
The source '\Actor-Mixer Hierarchy\Factory Motion\Motion Factory Assets\Context\Variation\Heartbeat\Wwise Motion Source' uses the source plugin 'Wwise Motion Source', which is not installed.
The Plug-in 'Wwise Motion Source' was not found for '\Actor-Mixer Hierarchy\Factory Motion\Motion Factory Assets\Context\Variation\Phone Call\Wwise Motion Source'. Edition and playback won't be available for this object.
The source '\Actor-Mixer Hierarchy\Factory Motion\Motion Factory Assets\Context\Variation\Phone Call\Wwise Motion Source' uses the source plugin 'Wwise Motion Source', which is not installed.
The Plug-in 'Wwise Motion Source' was not found for '\Actor-Mixer Hierarchy\Factory Motion\Motion Factory Assets\Context\Variation\Rollercoaster\Wwise Motion Source'. Edition and playback won't be available for this object.
The source '\Actor-Mixer Hierarchy\Factory Motion\Motion Factory Assets\Context\Variation\Rollercoaster\Wwise Motion Source' uses the source plugin 'Wwise Motion Source', which is not installed.
The Plug-in 'Wwise Motion Source' was not found for '\Actor-Mixer Hierarchy\Factory Motion\Motion Factory Assets\Complex\Loud And Proud\Wwise Motion Source'. Edition and playback won't be available for this object.
The source '\Actor-Mixer Hierarchy\Factory Motion\Motion Factory Assets\Complex\Loud And Proud\Wwise Motion Source' uses the source plugin 'Wwise Motion Source', which is not installed.
The Plug-in 'Wwise Motion Source' was not found for '\Actor-Mixer Hierarchy\Factory Motion\Motion Factory Assets\Complex\MultiRamp\Wwise Motion Source'. Edition and playback won't be available for this object.
The source '\Actor-Mixer Hierarchy\Factory Motion\Motion Factory Assets\Complex\MultiRamp\Wwise Motion Source' uses the source plugin 'Wwise Motion Source', which is not installed.
The Plug-in 'Wwise Motion Source' was not found for '\Actor-Mixer Hierarchy\Factory Motion\Motion Factory Assets\Complex\Oscillation\Wwise Motion Source'. Edition and playback won't be available for this object.
The source '\Actor-Mixer Hierarchy\Factory Motion\Motion Factory Assets\Complex\Oscillation\Wwise Motion Source' uses the source plugin 'Wwise Motion Source', which is not installed.
The Plug-in 'Wwise Motion Source' was not found for '\Actor-Mixer Hierarchy\Factory Motion\Motion Factory Assets\Complex\Dazed And Confused\Wwise Motion Source'. Edition and playback won't be available for this object.
The source '\Actor-Mixer Hierarchy\Factory Motion\Motion Factory Assets\Complex\Dazed And Confused\Wwise Motion Source' uses the source plugin 'Wwise Motion Source', which is not installed.
The Plug-in 'Wwise Motion Source' was not found for '\Actor-Mixer Hierarchy\Factory Motion\Motion Factory Assets\Complex\Shredded Peaks\Wwise Motion Source'. Edition and playback won't be available for this object.
The source '\Actor-Mixer Hierarchy\Factory Motion\Motion Factory Assets\Complex\Shredded Peaks\Wwise Motion Source' uses the source plugin 'Wwise Motion Source', which is not installed.
The Plug-in 'Wwise Motion Source' was not found for '\Actor-Mixer Hierarchy\Factory Motion\Motion Factory Assets\Complex\Dancing With The Actuators\Wwise Motion Source'. Edition and playback won't be available for this object.
The source '\Actor-Mixer Hierarchy\Factory Motion\Motion Factory Assets\Complex\Dancing With The Actuators\Wwise Motion Source' uses the source plugin 'Wwise Motion Source', which is not installed.
The Plug-in 'Wwise Motion Source' was not found for '\Actor-Mixer Hierarchy\Factory Motion\Motion Factory Assets\Complex\Crossfaders\Wwise Motion Source'. Edition and playback won't be available for this object.
The source '\Actor-Mixer Hierarchy\Factory Motion\Motion Factory Assets\Complex\Crossfaders\Wwise Motion Source' uses the source plugin 'Wwise Motion Source', which is not installed.
The Plug-in 'Wwise Motion Source' was not found for '\Actor-Mixer Hierarchy\Factory Motion\Motion Factory Assets\Complex\Question Answer\Wwise Motion Source'. Edition and playback won't be available for this object.
The source '\Actor-Mixer Hierarchy\Factory Motion\Motion Factory Assets\Complex\Question Answer\Wwise Motion Source' uses the source plugin 'Wwise Motion Source', which is not installed.
The Plug-in 'Wwise Motion Source' was not found for '\Actor-Mixer Hierarchy\Factory Motion\Motion Factory Assets\Complex\Interference\Wwise Motion Source'. Edition and playback won't be available for this object.
The source '\Actor-Mixer Hierarchy\Factory Motion\Motion Factory Assets\Complex\Interference\Wwise Motion Source' uses the source plugin 'Wwise Motion Source', which is not installed.
The Plug-in 'Wwise Motion Source' was not found for '\Actor-Mixer Hierarchy\Factory Motion\Motion Factory Assets\Complex\Sudden Steeps\Wwise Motion Source'. Edition and playback won't be available for this object.
The source '\Actor-Mixer Hierarchy\Factory Motion\Motion Factory Assets\Complex\Sudden Steeps\Wwise Motion Source' uses the source plugin 'Wwise Motion Source', which is not installed.
The Plug-in 'Wwise Motion Source' was not found for '\Actor-Mixer Hierarchy\Factory Motion\Motion Factory Assets\Ramps\Sweep\Sweep Up\Long Sweep Up\Wwise Motion Source'. Edition and playback won't be available for this object.
The source '\Actor-Mixer Hierarchy\Factory Motion\Motion Factory Assets\Ramps\Sweep\Sweep Up\Long Sweep Up\Wwise Motion Source' uses the source plugin 'Wwise Motion Source', which is not installed.
The Plug-in 'Wwise Motion Source' was not found for '\Actor-Mixer Hierarchy\Factory Motion\Motion Factory Assets\Ramps\Sweep\Sweep Up\Short Sweep Up\Wwise Motion Source'. Edition and playback won't be available for this object.
The source '\Actor-Mixer Hierarchy\Factory Motion\Motion Factory Assets\Ramps\Sweep\Sweep Up\Short Sweep Up\Wwise Motion Source' uses the source plugin 'Wwise Motion Source', which is not installed.
The Plug-in 'Wwise Motion Source' was not found for '\Actor-Mixer Hierarchy\Factory Motion\Motion Factory Assets\Ramps\Sweep\Sweep Down\Long Sweep Down\Wwise Motion Source'. Edition and playback won't be available for this object.
The source '\Actor-Mixer Hierarchy\Factory Motion\Motion Factory Assets\Ramps\Sweep\Sweep Down\Long Sweep Down\Wwise Motion Source' uses the source plugin 'Wwise Motion Source', which is not installed.
The Plug-in 'Wwise Motion Source' was not found for '\Actor-Mixer Hierarchy\Factory Motion\Motion Factory Assets\Ramps\Sweep\Sweep Down\Short Sweep Down\Wwise Motion Source'. Edition and playback won't be available for this object.
The source '\Actor-Mixer Hierarchy\Factory Motion\Motion Factory Assets\Ramps\Sweep\Sweep Down\Short Sweep Down\Wwise Motion Source' uses the source plugin 'Wwise Motion Source', which is not installed.
The Plug-in 'Wwise Motion Source' was not found for '\Actor-Mixer Hierarchy\Factory Motion\Motion Factory Assets\Ramps\Lifter\Uplifter\Short Uplifter\Wwise Motion Source'. Edition and playback won't be available for this object.
The source '\Actor-Mixer Hierarchy\Factory Motion\Motion Factory Assets\Ramps\Lifter\Uplifter\Short Uplifter\Wwise Motion Source' uses the source plugin 'Wwise Motion Source', which is not installed.
The Plug-in 'Wwise Motion Source' was not found for '\Actor-Mixer Hierarchy\Factory Motion\Motion Factory Assets\Ramps\Lifter\Uplifter\Long Uplifter\Wwise Motion Source'. Edition and playback won't be available for this object.
The source '\Actor-Mixer Hierarchy\Factory Motion\Motion Factory Assets\Ramps\Lifter\Uplifter\Long Uplifter\Wwise Motion Source' uses the source plugin 'Wwise Motion Source', which is not installed.
The Plug-in 'Wwise Motion Source' was not found for '\Actor-Mixer Hierarchy\Factory Motion\Motion Factory Assets\Ramps\Lifter\Downlifter\Short Downlifter\Wwise Motion Source'. Edition and playback won't be available for this object.
The source '\Actor-Mixer Hierarchy\Factory Motion\Motion Factory Assets\Ramps\Lifter\Downlifter\Short Downlifter\Wwise Motion Source' uses the source plugin 'Wwise Motion Source', which is not installed.
The Plug-in 'Wwise Motion Source' was not found for '\Actor-Mixer Hierarchy\Factory Motion\Motion Factory Assets\Ramps\Lifter\Downlifter\Long Downlifter\Wwise Motion Source'. Edition and playback won't be available for this object.
The source '\Actor-Mixer Hierarchy\Factory Motion\Motion Factory Assets\Ramps\Lifter\Downlifter\Long Downlifter\Wwise Motion Source' uses the source plugin 'Wwise Motion Source', which is not installed.
The Plug-in 'Wwise Motion Source' was not found for '\Actor-Mixer Hierarchy\Factory Motion\Motion Factory Assets\Ramps\Stutter Ramps\Stutter Ramps Up\Short Stutter Ramps Up\Wwise Motion Source'. Edition and playback won't be available for this object.
The source '\Actor-Mixer Hierarchy\Factory Motion\Motion Factory Assets\Ramps\Stutter Ramps\Stutter Ramps Up\Short Stutter Ramps Up\Wwise Motion Source' uses the source plugin 'Wwise Motion Source', which is not installed.
The Plug-in 'Wwise Motion Source' was not found for '\Actor-Mixer Hierarchy\Factory Motion\Motion Factory Assets\Ramps\Stutter Ramps\Stutter Ramps Up\Long Stutter Ramps Up\Wwise Motion Source'. Edition and playback won't be available for this object.
The source '\Actor-Mixer Hierarchy\Factory Motion\Motion Factory Assets\Ramps\Stutter Ramps\Stutter Ramps Up\Long Stutter Ramps Up\Wwise Motion Source' uses the source plugin 'Wwise Motion Source', which is not installed.
The Plug-in 'Wwise Motion Source' was not found for '\Actor-Mixer Hierarchy\Factory Motion\Motion Factory Assets\Ramps\Stutter Ramps\Stutter Ramps Down\Short Stutter Ramps Down\Wwise Motion Source'. Edition and playback won't be available for this object.
The source '\Actor-Mixer Hierarchy\Factory Motion\Motion Factory Assets\Ramps\Stutter Ramps\Stutter Ramps Down\Short Stutter Ramps Down\Wwise Motion Source' uses the source plugin 'Wwise Motion Source', which is not installed.
The Plug-in 'Wwise Motion Source' was not found for '\Actor-Mixer Hierarchy\Factory Motion\Motion Factory Assets\Ramps\Stutter Ramps\Stutter Ramps Down\Long Stutter Ramps Down\Wwise Motion Source'. Edition and playback won't be available for this object.
The source '\Actor-Mixer Hierarchy\Factory Motion\Motion Factory Assets\Ramps\Stutter Ramps\Stutter Ramps Down\Long Stutter Ramps Down\Wwise Motion Source' uses the source plugin 'Wwise Motion Source', which is not installed.
The Plug-in 'Wwise Motion Source' was not found for '\Actor-Mixer Hierarchy\Factory Motion\Motion Factory Assets\Ramps\Pass By\Pass By 1\Wwise Motion Source'. Edition and playback won't be available for this object.
The source '\Actor-Mixer Hierarchy\Factory Motion\Motion Factory Assets\Ramps\Pass By\Pass By 1\Wwise Motion Source' uses the source plugin 'Wwise Motion Source', which is not installed.
The Plug-in 'Wwise Motion Source' was not found for '\Actor-Mixer Hierarchy\Factory Motion\Motion Factory Assets\Ramps\Pass By\Pass By 1 Miror\Wwise Motion Source'. Edition and playback won't be available for this object.
The source '\Actor-Mixer Hierarchy\Factory Motion\Motion Factory Assets\Ramps\Pass By\Pass By 1 Miror\Wwise Motion Source' uses the source plugin 'Wwise Motion Source', which is not installed.
The Plug-in 'Wwise Motion Source' was not found for '\Actor-Mixer Hierarchy\Factory Motion\Motion Factory Assets\Ramps\Pass By\Pass By 2\Wwise Motion Source'. Edition and playback won't be available for this object.
The source '\Actor-Mixer Hierarchy\Factory Motion\Motion Factory Assets\Ramps\Pass By\Pass By 2\Wwise Motion Source' uses the source plugin 'Wwise Motion Source', which is not installed.
The Plug-in 'Wwise Motion Source' was not found for '\Actor-Mixer Hierarchy\Factory Motion\Motion Factory Assets\Ramps\Pass By\Pass By 2 Miror\Wwise Motion Source'. Edition and playback won't be available for this object.
The source '\Actor-Mixer Hierarchy\Factory Motion\Motion Factory Assets\Ramps\Pass By\Pass By 2 Miror\Wwise Motion Source' uses the source plugin 'Wwise Motion Source', which is not installed.
The default work unit '\Metadata\Default Work Unit' is missing.  It has been created. If your project is under source control, remember to add this file.
Some new object properties have been added or obsolete properties deleted. The project file was updated. These changes will not have an impact on your project.
